<?xml version="1.0" encoding="UTF-8"?>
<!-- Generated by org.testng.reporters.JUnitReportReporter -->
<testsuite skipped="0" hostname="INTMAC-Q3ULG3QD.internal.pixacore.com" name="RunnerPack.TestRunner" tests="13" failures="0" timestamp="17 Jul 2018 19:04:40 GMT" time="38.002" errors="0">
  <testcase name="runScenario" time="5.478" classname="RunnerPack.TestRunner"/>
  <testcase name="runScenario" time="5.475" classname="RunnerPack.TestRunner"/>
  <testcase name="runScenario" time="1.830" classname="RunnerPack.TestRunner"/>
  <testcase name="runScenario" time="1.826" classname="RunnerPack.TestRunner"/>
  <testcase name="runScenario" time="1.867" classname="RunnerPack.TestRunner"/>
  <testcase name="runScenario" time="6.075" classname="RunnerPack.TestRunner"/>
  <testcase name="runScenario" time="5.482" classname="RunnerPack.TestRunner"/>
  <testcase name="runScenario" time="1.841" classname="RunnerPack.TestRunner"/>
  <testcase name="runScenario" time="1.867" classname="RunnerPack.TestRunner"/>
  <testcase name="runScenario" time="1.473" classname="RunnerPack.TestRunner"/>
  <testcase name="runScenario" time="1.449" classname="RunnerPack.TestRunner"/>
  <testcase name="runScenario" time="1.470" classname="RunnerPack.TestRunner"/>
  <testcase name="runScenario" time="1.869" classname="RunnerPack.TestRunner"/>
</testsuite> <!-- RunnerPack.TestRunner -->
