<?xml version="1.0" encoding="UTF-8"?>
<!-- Generated by org.testng.reporters.JUnitReportReporter -->
<testsuite skipped="0" hostname="INTMAC-Q3ULG3QD.internal.pixacore.com" name="RunnerPack.TestRunner" tests="13" failures="0" timestamp="17 Jul 2018 19:39:49 GMT" time="46.626" errors="0">
  <testcase name="runScenario" time="7.577" classname="RunnerPack.TestRunner"/>
  <testcase name="runScenario" time="7.515" classname="RunnerPack.TestRunner"/>
  <testcase name="runScenario" time="1.883" classname="RunnerPack.TestRunner"/>
  <testcase name="runScenario" time="1.884" classname="RunnerPack.TestRunner"/>
  <testcase name="runScenario" time="1.923" classname="RunnerPack.TestRunner"/>
  <testcase name="runScenario" time="8.126" classname="RunnerPack.TestRunner"/>
  <testcase name="runScenario" time="7.536" classname="RunnerPack.TestRunner"/>
  <testcase name="runScenario" time="1.859" classname="RunnerPack.TestRunner"/>
  <testcase name="runScenario" time="1.897" classname="RunnerPack.TestRunner"/>
  <testcase name="runScenario" time="1.526" classname="RunnerPack.TestRunner"/>
  <testcase name="runScenario" time="1.493" classname="RunnerPack.TestRunner"/>
  <testcase name="runScenario" time="1.518" classname="RunnerPack.TestRunner"/>
  <testcase name="runScenario" time="1.889" classname="RunnerPack.TestRunner"/>
</testsuite> <!-- RunnerPack.TestRunner -->
