<?xml version="1.0" encoding="UTF-8"?>
<!-- Generated by org.testng.reporters.JUnitReportReporter -->
<testsuite skipped="0" hostname="INTMAC-Q3ULG3QD.internal.pixacore.com" name="RunnerPack.TestRunner" tests="13" failures="0" timestamp="17 Jul 2018 19:45:46 GMT" time="43.729" errors="0">
  <testcase name="runScenario" time="7.492" classname="RunnerPack.TestRunner"/>
  <testcase name="runScenario" time="7.239" classname="RunnerPack.TestRunner"/>
  <testcase name="runScenario" time="1.643" classname="RunnerPack.TestRunner"/>
  <testcase name="runScenario" time="1.630" classname="RunnerPack.TestRunner"/>
  <testcase name="runScenario" time="1.680" classname="RunnerPack.TestRunner"/>
  <testcase name="runScenario" time="8.082" classname="RunnerPack.TestRunner"/>
  <testcase name="runScenario" time="7.306" classname="RunnerPack.TestRunner"/>
  <testcase name="runScenario" time="1.658" classname="RunnerPack.TestRunner"/>
  <testcase name="runScenario" time="1.652" classname="RunnerPack.TestRunner"/>
  <testcase name="runScenario" time="1.204" classname="RunnerPack.TestRunner"/>
  <testcase name="runScenario" time="1.210" classname="RunnerPack.TestRunner"/>
  <testcase name="runScenario" time="1.211" classname="RunnerPack.TestRunner"/>
  <testcase name="runScenario" time="1.722" classname="RunnerPack.TestRunner"/>
</testsuite> <!-- RunnerPack.TestRunner -->
