<?xml version="1.0" encoding="UTF-8"?>
<!-- Generated by org.testng.reporters.JUnitReportReporter -->
<testsuite skipped="0" hostname="Tarek-QualityAssurance.local" name="RunnerPack.TestRunner" tests="13" failures="0" timestamp="18 Jul 2018 22:27:48 GMT" time="22.622" errors="0">
  <testcase name="runScenario" time="2.224" classname="RunnerPack.TestRunner"/>
  <testcase name="runScenario" time="2.212" classname="RunnerPack.TestRunner"/>
  <testcase name="runScenario" time="1.535" classname="RunnerPack.TestRunner"/>
  <testcase name="runScenario" time="1.532" classname="RunnerPack.TestRunner"/>
  <testcase name="runScenario" time="1.544" classname="RunnerPack.TestRunner"/>
  <testcase name="runScenario" time="3.042" classname="RunnerPack.TestRunner"/>
  <testcase name="runScenario" time="2.286" classname="RunnerPack.TestRunner"/>
  <testcase name="runScenario" time="1.549" classname="RunnerPack.TestRunner"/>
  <testcase name="runScenario" time="1.538" classname="RunnerPack.TestRunner"/>
  <testcase name="runScenario" time="1.193" classname="RunnerPack.TestRunner"/>
  <testcase name="runScenario" time="1.190" classname="RunnerPack.TestRunner"/>
  <testcase name="runScenario" time="1.188" classname="RunnerPack.TestRunner"/>
  <testcase name="runScenario" time="1.589" classname="RunnerPack.TestRunner"/>
</testsuite> <!-- RunnerPack.TestRunner -->
