<?xml version="1.0" encoding="UTF-8"?>
<!-- Generated by org.testng.reporters.JUnitReportReporter -->
<testsuite skipped="0" hostname="INTMAC-Q3ULG3QD.internal.pixacore.com" name="RunnerPack.TestRunner" tests="13" failures="0" timestamp="17 Jul 2018 19:19:47 GMT" time="35.417" errors="0">
  <testcase name="runScenario" time="5.230" classname="RunnerPack.TestRunner"/>
  <testcase name="runScenario" time="5.231" classname="RunnerPack.TestRunner"/>
  <testcase name="runScenario" time="1.660" classname="RunnerPack.TestRunner"/>
  <testcase name="runScenario" time="1.745" classname="RunnerPack.TestRunner"/>
  <testcase name="runScenario" time="1.673" classname="RunnerPack.TestRunner"/>
  <testcase name="runScenario" time="5.913" classname="RunnerPack.TestRunner"/>
  <testcase name="runScenario" time="5.252" classname="RunnerPack.TestRunner"/>
  <testcase name="runScenario" time="1.731" classname="RunnerPack.TestRunner"/>
  <testcase name="runScenario" time="1.650" classname="RunnerPack.TestRunner"/>
  <testcase name="runScenario" time="1.218" classname="RunnerPack.TestRunner"/>
  <testcase name="runScenario" time="1.210" classname="RunnerPack.TestRunner"/>
  <testcase name="runScenario" time="1.228" classname="RunnerPack.TestRunner"/>
  <testcase name="runScenario" time="1.676" classname="RunnerPack.TestRunner"/>
</testsuite> <!-- RunnerPack.TestRunner -->
