<?xml version="1.0" encoding="UTF-8"?>
<!-- Generated by org.testng.reporters.JUnitReportReporter -->
<testsuite skipped="0" hostname="INTMAC-Q3ULG3QD.internal.pixacore.com" name="RunnerPack.TestRunner" tests="13" failures="0" timestamp="17 Jul 2018 21:14:15 GMT" time="50.450" errors="0">
  <testcase name="runScenario" time="8.483" classname="RunnerPack.TestRunner"/>
  <testcase name="runScenario" time="8.481" classname="RunnerPack.TestRunner"/>
  <testcase name="runScenario" time="1.884" classname="RunnerPack.TestRunner"/>
  <testcase name="runScenario" time="1.866" classname="RunnerPack.TestRunner"/>
  <testcase name="runScenario" time="1.891" classname="RunnerPack.TestRunner"/>
  <testcase name="runScenario" time="9.078" classname="RunnerPack.TestRunner"/>
  <testcase name="runScenario" time="8.523" classname="RunnerPack.TestRunner"/>
  <testcase name="runScenario" time="1.843" classname="RunnerPack.TestRunner"/>
  <testcase name="runScenario" time="1.877" classname="RunnerPack.TestRunner"/>
  <testcase name="runScenario" time="1.544" classname="RunnerPack.TestRunner"/>
  <testcase name="runScenario" time="1.499" classname="RunnerPack.TestRunner"/>
  <testcase name="runScenario" time="1.604" classname="RunnerPack.TestRunner"/>
  <testcase name="runScenario" time="1.877" classname="RunnerPack.TestRunner"/>
</testsuite> <!-- RunnerPack.TestRunner -->
